<?xml version="1.0" encoding="UTF-8"?>
<!-- Generated by org.testng.reporters.JUnitReportReporter -->
<testsuite hostname="Shiva_Laptop" failures="0" tests="1" name="test_reusable_components.BaseTest" time="7.628" errors="0" timestamp="2024-01-06T16:12:36 IST" skipped="0">
  <testcase classname="test_reusable_components.BaseTest" name="setUpProcesses" time="7.628"/>
</testsuite> <!-- test_reusable_components.BaseTest -->
