<?xml version="1.0" encoding="UTF-8"?>
<!-- Generated by org.testng.reporters.JUnitReportReporter -->
<testsuite hostname="Shiva_Laptop" failures="0" tests="1" name="page_tests.MenSportShoeTest" time="12.961" errors="0" timestamp="2024-01-06T21:29:43 IST" skipped="0">
  <testcase classname="page_tests.MenSportShoeTest" name="applyDesiredFilters" time="12.961"/>
</testsuite> <!-- page_tests.MenSportShoeTest -->
