<?xml version="1.0" encoding="UTF-8"?>
<!-- Generated by org.testng.reporters.JUnitReportReporter -->
<testsuite hostname="Shiva_Laptop" failures="0" tests="1" name="functional_tests.AddProdToWLTest" time="45.956" errors="0" timestamp="2024-01-07T15:51:48 IST" skipped="0">
  <testcase classname="functional_tests.AddProdToWLTest" name="validateAddingProdToWL" time="45.956"/>
</testsuite> <!-- functional_tests.AddProdToWLTest -->
